Mplus VERSION 7.1 (Mac)
MUTHEN & MUTHEN
08/30/2016  10:18 AM

INPUT INSTRUCTIONS

  TITLE:
  MCFA_cl_unres
  DATA:
  FILE = "MCFA_cl_unres.dat";

  VARIABLE:
  NAMES = cl_01_np cl_02_np cl_03_np IDnum;
   MISSING=.;
   USEVARIABLES = cl_01_np cl_02_np cl_03_np;
                  CLUSTER = IDnum;
  ANALYSIS:
  TYPE = TWOLEVEL;
  MODEL:
  %WITHIN%
                    clW BY cl_01_np(1)
                           cl_02_np(2)
                           cl_03_np(3);

                    %BETWEEN%
                    clB BY cl_01_np(1)
                           cl_02_np(2)
                           cl_03_np(3);
  OUTPUT:
  Standardized;



*** WARNING
  Data set contains cases with missing on all variables.
  These cases were not included in the analysis.
  Number of cases with missing on all variables:  17
   1 WARNING(S) FOUND IN THE INPUT INSTRUCTIONS




MCFA_cl_unres

SUMMARY OF ANALYSIS

Number of groups                                                 1
Number of observations                                        1443

Number of dependent variables                                    3
Number of independent variables                                  0
Number of continuous latent variables                            2

Observed dependent variables

  Continuous
   CL_01_NP    CL_02_NP    CL_03_NP

Continuous latent variables
   CLW         CLB

Variables with special functions

  Cluster variable      IDNUM

Estimator                                                      MLR
Information matrix                                        OBSERVED
Maximum number of iterations                                   100
Convergence criterion                                    0.100D-05
Maximum number of EM iterations                                500
Convergence criteria for the EM algorithm
  Loglikelihood change                                   0.100D-02
  Relative loglikelihood change                          0.100D-05
  Derivative                                             0.100D-03
Minimum variance                                         0.100D-03
Maximum number of steepest descent iterations                   20
Maximum number of iterations for H1                           2000
Convergence criterion for H1                             0.100D-03
Optimization algorithm                                         EMA

Input data file(s)
  MCFA_cl_unres.dat
Input data format  FREE


SUMMARY OF DATA

     Number of missing data patterns             6
     Number of clusters                        363

     Average cluster size        3.975

     Estimated Intraclass Correlations for the Y Variables

                Intraclass              Intraclass              Intraclass
     Variable  Correlation   Variable  Correlation   Variable  Correlation

     CL_01_NP     0.226      CL_02_NP     0.427      CL_03_NP     0.531



COVARIANCE COVERAGE OF DATA

Minimum covariance coverage value   0.100


     PROPORTION OF DATA PRESENT


           Covariance Coverage
              CL_01_NP      CL_02_NP      CL_03_NP
              ________      ________      ________
 CL_01_NP       0.997
 CL_02_NP       0.994         0.997
 CL_03_NP       0.979         0.980         0.982



THE MODEL ESTIMATION TERMINATED NORMALLY



MODEL FIT INFORMATION

Number of Free Parameters                       13

Loglikelihood

          H0 Value                       -4606.542
          H0 Scaling Correction Factor      1.6785
            for MLR
          H1 Value                       -4599.600
          H1 Scaling Correction Factor      1.6449
            for MLR

Information Criteria

          Akaike (AIC)                    9239.084
          Bayesian (BIC)                  9307.652
          Sample-Size Adjusted BIC        9266.356
            (n* = (n + 2) / 24)

Chi-Square Test of Model Fit

          Value                              9.735*
          Degrees of Freedom                     2
          P-Value                           0.0077
          Scaling Correction Factor         1.4262
            for MLR

*   The chi-square value for MLM, MLMV, MLR, ULSMV, WLSM and WLSMV cannot be used
    for chi-square difference testing in the regular way.  MLM, MLR and WLSM
    chi-square difference testing is described on the Mplus website.  MLMV, WLSMV,
    and ULSMV difference testing is done using the DIFFTEST option.

RMSEA (Root Mean Square Error Of Approximation)

          Estimate                           0.052

CFI/TLI

          CFI                                0.987
          TLI                                0.961

Chi-Square Test of Model Fit for the Baseline Model

          Value                            598.110
          Degrees of Freedom                     6
          P-Value                           0.0000

SRMR (Standardized Root Mean Square Residual)

          Value for Within                   0.010
          Value for Between                  0.071



MODEL RESULTS

                                                    Two-Tailed
                    Estimate       S.E.  Est./S.E.    P-Value

Within Level

 CLW      BY
    CL_01_NP           1.000      0.000    999.000    999.000
    CL_02_NP           1.162      0.072     16.057      0.000
    CL_03_NP           0.761      0.060     12.683      0.000

 Variances
    CLW                0.287      0.031      9.206      0.000

 Residual Variances
    CL_01_NP           0.223      0.023      9.820      0.000
    CL_02_NP           0.145      0.022      6.495      0.000
    CL_03_NP           0.266      0.023     11.504      0.000

Between Level

 CLB      BY
    CL_01_NP           1.000      0.000    999.000    999.000
    CL_02_NP           1.162      0.072     16.057      0.000
    CL_03_NP           0.761      0.060     12.683      0.000

 Intercepts
    CL_01_NP           1.724      0.028     61.666      0.000
    CL_02_NP           2.136      0.038     56.112      0.000
    CL_03_NP           2.440      0.040     60.501      0.000

 Variances
    CLB                0.157      0.019      8.227      0.000

 Residual Variances
    CL_01_NP           0.012      0.017      0.684      0.494
    CL_02_NP           0.164      0.036      4.544      0.000
    CL_03_NP           0.340      0.049      6.929      0.000


STANDARDIZED MODEL RESULTS


STDYX Standardization

                                                    Two-Tailed
                    Estimate       S.E.  Est./S.E.    P-Value

Within Level

 CLW      BY
    CL_01_NP           0.750      0.029     25.577      0.000
    CL_02_NP           0.853      0.024     36.067      0.000
    CL_03_NP           0.620      0.033     19.034      0.000

 Variances
    CLW                1.000      0.000    999.000    999.000

 Residual Variances
    CL_01_NP           0.437      0.044      9.930      0.000
    CL_02_NP           0.272      0.040      6.749      0.000
    CL_03_NP           0.616      0.040     15.247      0.000

Between Level

 CLB      BY
    CL_01_NP           0.965      0.050     19.480      0.000
    CL_02_NP           0.750      0.049     15.182      0.000
    CL_03_NP           0.459      0.049      9.460      0.000

 Intercepts
    CL_01_NP           4.202      0.275     15.265      0.000
    CL_02_NP           3.483      0.186     18.762      0.000
    CL_03_NP           3.720      0.201     18.486      0.000

 Variances
    CLB                1.000      0.000    999.000    999.000

 Residual Variances
    CL_01_NP           0.068      0.096      0.716      0.474
    CL_02_NP           0.437      0.074      5.894      0.000
    CL_03_NP           0.789      0.045     17.695      0.000


STDY Standardization

                                                    Two-Tailed
                    Estimate       S.E.  Est./S.E.    P-Value

Within Level

 CLW      BY
    CL_01_NP           0.750      0.029     25.577      0.000
    CL_02_NP           0.853      0.024     36.067      0.000
    CL_03_NP           0.620      0.033     19.034      0.000

 Variances
    CLW                1.000      0.000    999.000    999.000

 Residual Variances
    CL_01_NP           0.437      0.044      9.930      0.000
    CL_02_NP           0.272      0.040      6.749      0.000
    CL_03_NP           0.616      0.040     15.247      0.000

Between Level

 CLB      BY
    CL_01_NP           0.965      0.050     19.480      0.000
    CL_02_NP           0.750      0.049     15.182      0.000
    CL_03_NP           0.459      0.049      9.460      0.000

 Intercepts
    CL_01_NP           4.202      0.275     15.265      0.000
    CL_02_NP           3.483      0.186     18.762      0.000
    CL_03_NP           3.720      0.201     18.486      0.000

 Variances
    CLB                1.000      0.000    999.000    999.000

 Residual Variances
    CL_01_NP           0.068      0.096      0.716      0.474
    CL_02_NP           0.437      0.074      5.894      0.000
    CL_03_NP           0.789      0.045     17.695      0.000


STD Standardization

                                                    Two-Tailed
                    Estimate       S.E.  Est./S.E.    P-Value

Within Level

 CLW      BY
    CL_01_NP           0.535      0.029     18.413      0.000
    CL_02_NP           0.622      0.024     25.433      0.000
    CL_03_NP           0.407      0.027     15.318      0.000

 Variances
    CLW                1.000      0.000    999.000    999.000

 Residual Variances
    CL_01_NP           0.223      0.023      9.820      0.000
    CL_02_NP           0.145      0.022      6.495      0.000
    CL_03_NP           0.266      0.023     11.504      0.000

Between Level

 CLB      BY
    CL_01_NP           0.396      0.024     16.455      0.000
    CL_02_NP           0.460      0.035     13.008      0.000
    CL_03_NP           0.301      0.028     10.582      0.000

 Intercepts
    CL_01_NP           1.724      0.028     61.666      0.000
    CL_02_NP           2.136      0.038     56.112      0.000
    CL_03_NP           2.440      0.040     60.501      0.000

 Variances
    CLB                1.000      0.000    999.000    999.000

 Residual Variances
    CL_01_NP           0.012      0.017      0.684      0.494
    CL_02_NP           0.164      0.036      4.544      0.000
    CL_03_NP           0.340      0.049      6.929      0.000


R-SQUARE

Within Level

    Observed                                        Two-Tailed
    Variable        Estimate       S.E.  Est./S.E.    P-Value

    CL_01_NP           0.563      0.044     12.788      0.000
    CL_02_NP           0.728      0.040     18.034      0.000
    CL_03_NP           0.384      0.040      9.517      0.000

Between Level

    Observed                                        Two-Tailed
    Variable        Estimate       S.E.  Est./S.E.    P-Value

    CL_01_NP           0.932      0.096      9.740      0.000
    CL_02_NP           0.563      0.074      7.591      0.000
    CL_03_NP           0.211      0.045      4.730      0.000


QUALITY OF NUMERICAL RESULTS

     Condition Number for the Information Matrix              0.605E-02
       (ratio of smallest to largest eigenvalue)


     Beginning Time:  10:18:20
        Ending Time:  10:18:20
       Elapsed Time:  00:00:00



MUTHEN & MUTHEN
3463 Stoner Ave.
Los Angeles, CA  90066

Tel: (310) 391-9971
Fax: (310) 391-8971
Web: www.StatModel.com
Support: Support@StatModel.com

Copyright (c) 1998-2013 Muthen & Muthen
