Mplus VERSION 7.1 (Mac)
MUTHEN & MUTHEN
08/30/2016  11:41 AM

INPUT INSTRUCTIONS

  TITLE:
  MCFA_tr_unres
  DATA:
  FILE = "MCFA_tr_unres.dat";

  VARIABLE:
  NAMES = tr_01_np tr_02_np tr_03_np tr_04_np IDnum;
   MISSING=.;
   USEVARIABLES = tr_01_np tr_02_np tr_03_np tr_04_np;
                       CLUSTER = IDnum;
  ANALYSIS:
  TYPE = TWOLEVEL;
  MODEL:
  %WITHIN%
                      trW BY tr_01_np tr_02_np tr_03_np tr_04_np;

                      %BETWEEN%
                      trB BY tr_01_np tr_02_np tr_03_np tr_04_np;
                             TR_03_NP WITH TR_01_NP;
                             TR_04_NP WITH TR_02_NP;
  OUTPUT:
  Standardized; MODINDICES



*** WARNING
  Data set contains cases with missing on all variables.
  These cases were not included in the analysis.
  Number of cases with missing on all variables:  17
   1 WARNING(S) FOUND IN THE INPUT INSTRUCTIONS




MCFA_tr_unres

SUMMARY OF ANALYSIS

Number of groups                                                 1
Number of observations                                        1443

Number of dependent variables                                    4
Number of independent variables                                  0
Number of continuous latent variables                            2

Observed dependent variables

  Continuous
   TR_01_NP    TR_02_NP    TR_03_NP    TR_04_NP

Continuous latent variables
   TRW         TRB

Variables with special functions

  Cluster variable      IDNUM

Estimator                                                      MLR
Information matrix                                        OBSERVED
Maximum number of iterations                                   100
Convergence criterion                                    0.100D-05
Maximum number of EM iterations                                500
Convergence criteria for the EM algorithm
  Loglikelihood change                                   0.100D-02
  Relative loglikelihood change                          0.100D-05
  Derivative                                             0.100D-03
Minimum variance                                         0.100D-03
Maximum number of steepest descent iterations                   20
Maximum number of iterations for H1                           2000
Convergence criterion for H1                             0.100D-03
Optimization algorithm                                         EMA

Input data file(s)
  MCFA_tr_unres.dat
Input data format  FREE


SUMMARY OF DATA

     Number of missing data patterns            13
     Number of clusters                        362

     Average cluster size        3.986

     Estimated Intraclass Correlations for the Y Variables

                Intraclass              Intraclass              Intraclass
     Variable  Correlation   Variable  Correlation   Variable  Correlation

     TR_01_NP     0.365      TR_02_NP     0.227      TR_03_NP     0.253
     TR_04_NP     0.347



COVARIANCE COVERAGE OF DATA

Minimum covariance coverage value   0.100


     PROPORTION OF DATA PRESENT


           Covariance Coverage
              TR_01_NP      TR_02_NP      TR_03_NP      TR_04_NP
              ________      ________      ________      ________
 TR_01_NP       0.972
 TR_02_NP       0.961         0.985
 TR_03_NP       0.956         0.968         0.981
 TR_04_NP       0.969         0.981         0.979         0.994


     THE STANDARD ERRORS OF THE MODEL PARAMETER ESTIMATES MAY NOT BE
     TRUSTWORTHY FOR SOME PARAMETERS DUE TO A NON-POSITIVE DEFINITE
     FIRST-ORDER DERIVATIVE PRODUCT MATRIX.  THIS MAY BE DUE TO THE STARTING
     VALUES BUT MAY ALSO BE AN INDICATION OF MODEL NONIDENTIFICATION.  THE
     CONDITION NUMBER IS       0.831D-17.  PROBLEM INVOLVING PARAMETER 22.


THE MODEL ESTIMATION TERMINATED NORMALLY



MODEL FIT INFORMATION

Number of Free Parameters                       22

Loglikelihood

          H0 Value                       -6393.744
          H0 Scaling Correction Factor      1.3042
            for MLR
          H1 Value                       -6389.028
          H1 Scaling Correction Factor      1.3493
            for MLR

Information Criteria

          Akaike (AIC)                   12831.488
          Bayesian (BIC)                 12947.526
          Sample-Size Adjusted BIC       12877.640
            (n* = (n + 2) / 24)

Chi-Square Test of Model Fit

          Value                              5.110*
          Degrees of Freedom                     2
          P-Value                           0.0777
          Scaling Correction Factor         1.8458
            for MLR

*   The chi-square value for MLM, MLMV, MLR, ULSMV, WLSM and WLSMV cannot be used
    for chi-square difference testing in the regular way.  MLM, MLR and WLSM
    chi-square difference testing is described on the Mplus website.  MLMV, WLSMV,
    and ULSMV difference testing is done using the DIFFTEST option.

RMSEA (Root Mean Square Error Of Approximation)

          Estimate                           0.033

CFI/TLI

          CFI                                0.996
          TLI                                0.974

Chi-Square Test of Model Fit for the Baseline Model

          Value                            740.269
          Degrees of Freedom                    12
          P-Value                           0.0000

SRMR (Standardized Root Mean Square Residual)

          Value for Within                   0.021
          Value for Between                  0.012



MODEL RESULTS

                                                    Two-Tailed
                    Estimate       S.E.  Est./S.E.    P-Value

Within Level

 TRW      BY
    TR_01_NP           1.000      0.000    999.000    999.000
    TR_02_NP           1.600      0.165      9.697      0.000
    TR_03_NP           1.289      0.121     10.633      0.000
    TR_04_NP           1.414      0.155      9.133      0.000

 Variances
    TRW                0.109      0.018      5.969      0.000

 Residual Variances
    TR_01_NP           0.306      0.021     14.838      0.000
    TR_02_NP           0.288      0.029      9.929      0.000
    TR_03_NP           0.412      0.033     12.372      0.000
    TR_04_NP           0.333      0.027     12.563      0.000

Between Level

 TRB      BY
    TR_01_NP           1.000      0.000    999.000    999.000
    TR_02_NP           0.833      0.686      1.215      0.224
    TR_03_NP           0.782      0.196      4.002      0.000
    TR_04_NP           1.161      0.765      1.517      0.129

 TR_03_NP WITH
    TR_01_NP           0.070      0.056      1.246      0.213

 TR_04_NP WITH
    TR_02_NP           0.110      0.070      1.581      0.114

 Intercepts
    TR_01_NP           1.973      0.031     63.683      0.000
    TR_02_NP           2.091      0.029     71.330      0.000
    TR_03_NP           1.907      0.031     61.122      0.000
    TR_04_NP           2.280      0.035     65.914      0.000

 Variances
    TRB                0.093      0.073      1.279      0.201

 Residual Variances
    TR_01_NP           0.145      0.070      2.069      0.039
    TR_02_NP           0.102      0.058      1.759      0.079
    TR_03_NP           0.144      0.053      2.700      0.007
    TR_04_NP           0.168      0.083      2.019      0.044


STANDARDIZED MODEL RESULTS


STDYX Standardization

                                                    Two-Tailed
                    Estimate       S.E.  Est./S.E.    P-Value

Within Level

 TRW      BY
    TR_01_NP           0.513      0.037     13.848      0.000
    TR_02_NP           0.702      0.036     19.501      0.000
    TR_03_NP           0.553      0.043     12.812      0.000
    TR_04_NP           0.630      0.036     17.403      0.000

 Variances
    TRW                1.000      0.000    999.000    999.000

 Residual Variances
    TR_01_NP           0.737      0.038     19.363      0.000
    TR_02_NP           0.507      0.051     10.042      0.000
    TR_03_NP           0.694      0.048     14.513      0.000
    TR_04_NP           0.604      0.046     13.255      0.000

Between Level

 TRB      BY
    TR_01_NP           0.625      0.237      2.638      0.008
    TR_02_NP           0.623      0.281      2.215      0.027
    TR_03_NP           0.533      0.223      2.393      0.017
    TR_04_NP           0.654      0.201      3.258      0.001

 TR_03_NP WITH
    TR_01_NP           0.485      0.211      2.298      0.022

 TR_04_NP WITH
    TR_02_NP           0.842      0.114      7.410      0.000

 Intercepts
    TR_01_NP           4.039      0.227     17.785      0.000
    TR_02_NP           5.118      0.387     13.241      0.000
    TR_03_NP           4.253      0.296     14.375      0.000
    TR_04_NP           4.209      0.242     17.396      0.000

 Variances
    TRB                1.000      0.000    999.000    999.000

 Residual Variances
    TR_01_NP           0.609      0.296      2.058      0.040
    TR_02_NP           0.612      0.350      1.749      0.080
    TR_03_NP           0.716      0.237      3.021      0.003
    TR_04_NP           0.572      0.263      2.177      0.029


STDY Standardization

                                                    Two-Tailed
                    Estimate       S.E.  Est./S.E.    P-Value

Within Level

 TRW      BY
    TR_01_NP           0.513      0.037     13.848      0.000
    TR_02_NP           0.702      0.036     19.501      0.000
    TR_03_NP           0.553      0.043     12.812      0.000
    TR_04_NP           0.630      0.036     17.403      0.000

 Variances
    TRW                1.000      0.000    999.000    999.000

 Residual Variances
    TR_01_NP           0.737      0.038     19.363      0.000
    TR_02_NP           0.507      0.051     10.042      0.000
    TR_03_NP           0.694      0.048     14.513      0.000
    TR_04_NP           0.604      0.046     13.255      0.000

Between Level

 TRB      BY
    TR_01_NP           0.625      0.237      2.638      0.008
    TR_02_NP           0.623      0.281      2.215      0.027
    TR_03_NP           0.533      0.223      2.393      0.017
    TR_04_NP           0.654      0.201      3.258      0.001

 TR_03_NP WITH
    TR_01_NP           0.485      0.211      2.298      0.022

 TR_04_NP WITH
    TR_02_NP           0.842      0.114      7.410      0.000

 Intercepts
    TR_01_NP           4.039      0.227     17.785      0.000
    TR_02_NP           5.118      0.387     13.241      0.000
    TR_03_NP           4.253      0.296     14.375      0.000
    TR_04_NP           4.209      0.242     17.396      0.000

 Variances
    TRB                1.000      0.000    999.000    999.000

 Residual Variances
    TR_01_NP           0.609      0.296      2.058      0.040
    TR_02_NP           0.612      0.350      1.749      0.080
    TR_03_NP           0.716      0.237      3.021      0.003
    TR_04_NP           0.572      0.263      2.177      0.029


STD Standardization

                                                    Two-Tailed
                    Estimate       S.E.  Est./S.E.    P-Value

Within Level

 TRW      BY
    TR_01_NP           0.331      0.028     11.938      0.000
    TR_02_NP           0.529      0.033     15.931      0.000
    TR_03_NP           0.426      0.037     11.438      0.000
    TR_04_NP           0.468      0.033     14.388      0.000

 Variances
    TRW                1.000      0.000    999.000    999.000

 Residual Variances
    TR_01_NP           0.306      0.021     14.838      0.000
    TR_02_NP           0.288      0.029      9.929      0.000
    TR_03_NP           0.412      0.033     12.372      0.000
    TR_04_NP           0.333      0.027     12.563      0.000

Between Level

 TRB      BY
    TR_01_NP           0.305      0.119      2.559      0.011
    TR_02_NP           0.254      0.119      2.131      0.033
    TR_03_NP           0.239      0.100      2.393      0.017
    TR_04_NP           0.354      0.107      3.321      0.001

 TR_03_NP WITH
    TR_01_NP           0.070      0.056      1.246      0.213

 TR_04_NP WITH
    TR_02_NP           0.110      0.070      1.581      0.114

 Intercepts
    TR_01_NP           1.973      0.031     63.683      0.000
    TR_02_NP           2.091      0.029     71.330      0.000
    TR_03_NP           1.907      0.031     61.122      0.000
    TR_04_NP           2.280      0.035     65.914      0.000

 Variances
    TRB                1.000      0.000    999.000    999.000

 Residual Variances
    TR_01_NP           0.145      0.070      2.069      0.039
    TR_02_NP           0.102      0.058      1.759      0.079
    TR_03_NP           0.144      0.053      2.700      0.007
    TR_04_NP           0.168      0.083      2.019      0.044


R-SQUARE

Within Level

    Observed                                        Two-Tailed
    Variable        Estimate       S.E.  Est./S.E.    P-Value

    TR_01_NP           0.263      0.038      6.924      0.000
    TR_02_NP           0.493      0.051      9.751      0.000
    TR_03_NP           0.306      0.048      6.406      0.000
    TR_04_NP           0.396      0.046      8.701      0.000

Between Level

    Observed                                        Two-Tailed
    Variable        Estimate       S.E.  Est./S.E.    P-Value

    TR_01_NP           0.391      0.296      1.319      0.187
    TR_02_NP           0.388      0.350      1.108      0.268
    TR_03_NP           0.284      0.237      1.197      0.231
    TR_04_NP           0.428      0.263      1.629      0.103


QUALITY OF NUMERICAL RESULTS

     Condition Number for the Information Matrix              0.831E-17
       (ratio of smallest to largest eigenvalue)


MODEL MODIFICATION INDICES

NOTE:  Modification indices for direct effects of observed dependent variables
regressed on covariates may not be included.  To include these, request
MODINDICES (ALL).

Minimum M.I. value for printing the modification index    10.000

                                   M.I.     E.P.C.  Std E.P.C.  StdYX E.P.C.

Within Level

Between Level

No modification indices above the minimum value.



TECHNICAL 1 OUTPUT


     PARAMETER SPECIFICATION FOR WITHIN


           NU
              TR_01_NP      TR_02_NP      TR_03_NP      TR_04_NP
              ________      ________      ________      ________
 1                  0             0             0             0


           LAMBDA
              TRW           TRB
              ________      ________
 TR_01_NP           0             0
 TR_02_NP           1             0
 TR_03_NP           2             0
 TR_04_NP           3             0


           THETA
              TR_01_NP      TR_02_NP      TR_03_NP      TR_04_NP
              ________      ________      ________      ________
 TR_01_NP           4
 TR_02_NP           0             5
 TR_03_NP           0             0             6
 TR_04_NP           0             0             0             7


           ALPHA
              TRW           TRB
              ________      ________
 1                  0             0


           BETA
              TRW           TRB
              ________      ________
 TRW                0             0
 TRB                0             0


           PSI
              TRW           TRB
              ________      ________
 TRW                8
 TRB                0             0


     PARAMETER SPECIFICATION FOR BETWEEN


           NU
              TR_01_NP      TR_02_NP      TR_03_NP      TR_04_NP
              ________      ________      ________      ________
 1                  9            10            11            12


           LAMBDA
              TRW           TRB
              ________      ________
 TR_01_NP           0             0
 TR_02_NP           0            13
 TR_03_NP           0            14
 TR_04_NP           0            15


           THETA
              TR_01_NP      TR_02_NP      TR_03_NP      TR_04_NP
              ________      ________      ________      ________
 TR_01_NP          16
 TR_02_NP           0            17
 TR_03_NP          18             0            19
 TR_04_NP           0            20             0            21


           ALPHA
              TRW           TRB
              ________      ________
 1                  0             0


           BETA
              TRW           TRB
              ________      ________
 TRW                0             0
 TRB                0             0


           PSI
              TRW           TRB
              ________      ________
 TRW                0
 TRB                0            22


     STARTING VALUES FOR WITHIN


           NU
              TR_01_NP      TR_02_NP      TR_03_NP      TR_04_NP
              ________      ________      ________      ________
 1              0.000         0.000         0.000         0.000


           LAMBDA
              TRW           TRB
              ________      ________
 TR_01_NP       1.000         0.000
 TR_02_NP       1.000         0.000
 TR_03_NP       1.000         0.000
 TR_04_NP       1.000         0.000


           THETA
              TR_01_NP      TR_02_NP      TR_03_NP      TR_04_NP
              ________      ________      ________      ________
 TR_01_NP       0.327
 TR_02_NP       0.000         0.367
 TR_03_NP       0.000         0.000         0.398
 TR_04_NP       0.000         0.000         0.000         0.423


           ALPHA
              TRW           TRB
              ________      ________
 1              0.000         0.000


           BETA
              TRW           TRB
              ________      ________
 TRW            0.000         0.000
 TRB            0.000         0.000


           PSI
              TRW           TRB
              ________      ________
 TRW            0.050
 TRB            0.000         0.000


     STARTING VALUES FOR BETWEEN


           NU
              TR_01_NP      TR_02_NP      TR_03_NP      TR_04_NP
              ________      ________      ________      ________
 1              1.974         2.090         1.909         2.281


           LAMBDA
              TRW           TRB
              ________      ________
 TR_01_NP       0.000         1.000
 TR_02_NP       0.000         1.000
 TR_03_NP       0.000         1.000
 TR_04_NP       0.000         1.000


           THETA
              TR_01_NP      TR_02_NP      TR_03_NP      TR_04_NP
              ________      ________      ________      ________
 TR_01_NP       0.327
 TR_02_NP       0.000         0.367
 TR_03_NP       0.000         0.000         0.398
 TR_04_NP       0.000         0.000         0.000         0.423


           ALPHA
              TRW           TRB
              ________      ________
 1              0.000         0.000


           BETA
              TRW           TRB
              ________      ________
 TRW            0.000         0.000
 TRB            0.000         0.000


           PSI
              TRW           TRB
              ________      ________
 TRW            0.000
 TRB            0.000         0.050


     Beginning Time:  11:41:42
        Ending Time:  11:41:42
       Elapsed Time:  00:00:00



MUTHEN & MUTHEN
3463 Stoner Ave.
Los Angeles, CA  90066

Tel: (310) 391-9971
Fax: (310) 391-8971
Web: www.StatModel.com
Support: Support@StatModel.com

Copyright (c) 1998-2013 Muthen & Muthen
